<?xml version="1.0" encoding="UTF-8"?>
<testng-results skipped="0" failed="0" total="1" passed="1">
  <reporter-output>
  </reporter-output>
  <suite name="Default suite" duration-ms="6233" started-at="2018-07-25T07:42:44Z" finished-at="2018-07-25T07:42:50Z">
    <groups>
    </groups>
    <test name="Default test" duration-ms="6233" started-at="2018-07-25T07:42:44Z" finished-at="2018-07-25T07:42:50Z">
      <class name="com.yixun.ccmz.dao.MyBatisDynamicSQLTest">
        <test-method status="PASS" signature="setup()[pri:0, instance:com.yixun.ccmz.dao.MyBatisDynamicSQLTest@3e58a80e]" name="setup" is-config="true" duration-ms="478" started-at="2018-07-25T15:42:44Z" finished-at="2018-07-25T15:42:44Z">
          <reporter-output>
          </reporter-output>
        </test-method> <!-- setup -->
        <test-method status="PASS" signature="testJoin()[pri:0, instance:com.yixun.ccmz.dao.MyBatisDynamicSQLTest@3e58a80e]" name="testJoin" duration-ms="5724" started-at="2018-07-25T15:42:44Z" finished-at="2018-07-25T15:42:50Z">
          <reporter-output>
          </reporter-output>
        </test-method> <!-- testJoin -->
      </class> <!-- com.yixun.ccmz.dao.MyBatisDynamicSQLTest -->
    </test> <!-- Default test -->
  </suite> <!-- Default suite -->
</testng-results>
